La génération a démarré 30/11/2014 18:54:54.
     1>Projet "C:\Users\Lucas Brunet\Desktop\PlantVsZombies3D\programme\PlantVSZombie3D\PlantVSZombie3D\PlantVSZombie3D.vcxproj" sur le nœud 2 (Build cible(s)).
     1>ClCompile:
         C:\Program Files (x86)\Microsoft Visual Studio 12.0\VC\bin\CL.exe /c /ZI /nologo /W3 /WX- /sdl /Od /Oy- /D _MBCS /D _MBCS /D GLUT_BUILDING_LIB /Gm /EHsc /RTC1 /MDd /GS /fp:precise /Zc:wchar_t /Zc:forScope /Fo"Debug\\" /Fd"Debug\vc120.pdb" /Gd /TP /analyze- /errorReport:prompt ..\..\src\Zombie.cpp ..\..\src\main.cpp
         main.cpp
     1>c:\users\lucas brunet\desktop\plantvszombies3d\programme\src\main.cpp(97): warning C4018: '<' : incompatibilité signed/unsigned
     1>c:\users\lucas brunet\desktop\plantvszombies3d\programme\src\main.cpp(374): warning C4101: 'filter' : variable locale non référencée
         Zombie.cpp
     1>c:\users\lucas brunet\desktop\plantvszombies3d\programme\src\zombie.cpp(28): warning C4101: 'n' : variable locale non référencée
         Génération de code en cours...
       Link:
         C:\Program Files (x86)\Microsoft Visual Studio 12.0\VC\bin\link.exe /ERRORREPORT:PROMPT /OUT:"C:\Users\Lucas Brunet\Desktop\PlantVsZombies3D\programme\PlantVSZombie3D\Debug\PlantVSZombie3D.exe" /INCREMENTAL /NOLOGO kernel32.lib user32.lib glu32.lib OpenGL32.Lib glut32.lib gdi32.lib winspool.lib comdlg32.lib advapi32.lib shell32.lib ole32.lib oleaut32.lib uuid.lib odbc32.lib odbccp32.lib kernel32.lib user32.lib gdi32.lib winspool.lib comdlg32.lib advapi32.lib shell32.lib ole32.lib oleaut32.lib uuid.lib odbc32.lib odbccp32.lib /MANIFEST /MANIFESTUAC:"level='asInvoker' uiAccess='false'" /manifest:embed /DEBUG /PDB:"C:\Users\Lucas Brunet\Desktop\PlantVsZombies3D\programme\PlantVSZombie3D\Debug\PlantVSZombie3D.pdb" /TLBID:1 /DYNAMICBASE /NXCOMPAT /IMPLIB:"C:\Users\Lucas Brunet\Desktop\PlantVsZombies3D\programme\PlantVSZombie3D\Debug\PlantVSZombie3D.lib" /MACHINE:X86 Debug\BoardSquare.obj
         Debug\Bullet.obj
         Debug\Gameboard.obj
         Debug\GameObject.obj
         Debug\getbmp.obj
         Debug\House.obj
         Debug\main.obj
         Debug\PeaShooter.obj
         Debug\Plant.obj
         Debug\Position.obj
         Debug\Sun.obj
         Debug\SunPlant.obj
         Debug\Zombie.obj
         PlantVSZombie3D.vcxproj -> C:\Users\Lucas Brunet\Desktop\PlantVsZombies3D\programme\PlantVSZombie3D\Debug\PlantVSZombie3D.exe
     1>Génération du projet "C:\Users\Lucas Brunet\Desktop\PlantVsZombies3D\programme\PlantVSZombie3D\PlantVSZombie3D\PlantVSZombie3D.vcxproj" terminée (Build cible(s)).

La génération a réussi.

Temps écoulé 00:00:10.62
